{"C:\\Users\\gatic\\Documents\\Bootcamp\\Proyecto5\\controller\\orders.js": {"path":"C:\\Users\\gatic\\Documents\\Bootcamp\\Proyecto5\\controller\\orders.js","statementMap":{"0":{"start":{"line":1,"column":14},"end":{"line":1,"column":41}},"1":{"start":{"line":3,"column":0},"end":{"line":66,"column":1}},"2":{"start":{"line":5,"column":4},"end":{"line":12,"column":5}},"3":{"start":{"line":6,"column":24},"end":{"line":6,"column":42}},"4":{"start":{"line":8,"column":6},"end":{"line":8,"column":23}},"5":{"start":{"line":11,"column":6},"end":{"line":11,"column":18}},"6":{"start":{"line":16,"column":4},"end":{"line":23,"column":5}},"7":{"start":{"line":17,"column":24},"end":{"line":17,"column":66}},"8":{"start":{"line":18,"column":6},"end":{"line":18,"column":74}},"9":{"start":{"line":19,"column":6},"end":{"line":19,"column":23}},"10":{"start":{"line":21,"column":6},"end":{"line":21,"column":59}},"11":{"start":{"line":22,"column":6},"end":{"line":22,"column":18}},"12":{"start":{"line":26,"column":4},"end":{"line":30,"column":5}},"13":{"start":{"line":27,"column":6},"end":{"line":27,"column":45}},"14":{"start":{"line":29,"column":6},"end":{"line":29,"column":18}},"15":{"start":{"line":34,"column":4},"end":{"line":47,"column":5}},"16":{"start":{"line":35,"column":28},"end":{"line":35,"column":78}},"17":{"start":{"line":36,"column":6},"end":{"line":36,"column":52}},"18":{"start":{"line":37,"column":6},"end":{"line":37,"column":61}},"19":{"start":{"line":38,"column":6},"end":{"line":44,"column":7}},"20":{"start":{"line":39,"column":21},"end":{"line":39,"column":93}},"21":{"start":{"line":40,"column":8},"end":{"line":40,"column":35}},"22":{"start":{"line":41,"column":8},"end":{"line":41,"column":65}},"23":{"start":{"line":43,"column":8},"end":{"line":43,"column":24}},"24":{"start":{"line":46,"column":6},"end":{"line":46,"column":18}},"25":{"start":{"line":50,"column":4},"end":{"line":64,"column":5}},"26":{"start":{"line":51,"column":28},"end":{"line":51,"column":78}},"27":{"start":{"line":52,"column":6},"end":{"line":52,"column":68}},"28":{"start":{"line":54,"column":6},"end":{"line":61,"column":7}},"29":{"start":{"line":55,"column":8},"end":{"line":55,"column":65}},"30":{"start":{"line":56,"column":29},"end":{"line":56,"column":79}},"31":{"start":{"line":57,"column":8},"end":{"line":57,"column":68}},"32":{"start":{"line":58,"column":8},"end":{"line":58,"column":74}},"33":{"start":{"line":60,"column":8},"end":{"line":60,"column":25}},"34":{"start":{"line":63,"column":6},"end":{"line":63,"column":79}}},"fnMap":{"0":{"name":"(anonymous_0)","decl":{"start":{"line":4,"column":13},"end":{"line":4,"column":14}},"loc":{"start":{"line":4,"column":24},"end":{"line":13,"column":3}},"line":4},"1":{"name":"(anonymous_1)","decl":{"start":{"line":15,"column":16},"end":{"line":15,"column":17}},"loc":{"start":{"line":15,"column":39},"end":{"line":24,"column":3}},"line":15},"2":{"name":"(anonymous_2)","decl":{"start":{"line":25,"column":13},"end":{"line":25,"column":14}},"loc":{"start":{"line":25,"column":35},"end":{"line":31,"column":3}},"line":25},"3":{"name":"(anonymous_3)","decl":{"start":{"line":33,"column":14},"end":{"line":33,"column":15}},"loc":{"start":{"line":33,"column":56},"end":{"line":48,"column":3}},"line":33},"4":{"name":"(anonymous_4)","decl":{"start":{"line":49,"column":15},"end":{"line":49,"column":16}},"loc":{"start":{"line":49,"column":41},"end":{"line":65,"column":3}},"line":49}},"branchMap":{"0":{"loc":{"start":{"line":38,"column":6},"end":{"line":44,"column":7}},"type":"if","locations":[{"start":{"line":38,"column":6},"end":{"line":44,"column":7}},{"start":{"line":42,"column":13},"end":{"line":44,"column":7}}],"line":38},"1":{"loc":{"start":{"line":54,"column":6},"end":{"line":61,"column":7}},"type":"if","locations":[{"start":{"line":54,"column":6},"end":{"line":61,"column":7}},{"start":{"line":59,"column":11},"end":{"line":61,"column":7}}],"line":54},"2":{"loc":{"start":{"line":58,"column":16},"end":{"line":58,"column":73}},"type":"cond-expr","locations":[{"start":{"line":58,"column":32},"end":{"line":58,"column":45}},{"start":{"line":58,"column":47},"end":{"line":58,"column":73}}],"line":58}},"s":{"0":1,"1":1,"2":2,"3":2,"4":1,"5":1,"6":12,"7":12,"8":11,"9":11,"10":1,"11":1,"12":0,"13":0,"14":0,"15":3,"16":3,"17":3,"18":3,"19":3,"20":2,"21":1,"22":1,"23":1,"24":1,"25":4,"26":4,"27":4,"28":4,"29":3,"30":2,"31":2,"32":2,"33":1,"34":1},"f":{"0":2,"1":12,"2":0,"3":3,"4":4},"b":{"0":[2,1],"1":[3,1],"2":[1,1]},"_coverageSchema":"1a1c01bbd47fc00a2c39e90264f33305004495a9","hash":"4e5c04e4354d9ce7353bce9c59145f6feca6db03"}
,"C:\\Users\\gatic\\Documents\\Bootcamp\\Proyecto5\\controller\\products.js": {"path":"C:\\Users\\gatic\\Documents\\Bootcamp\\Proyecto5\\controller\\products.js","statementMap":{"0":{"start":{"line":1,"column":16},"end":{"line":1,"column":45}},"1":{"start":{"line":3,"column":0},"end":{"line":69,"column":1}},"2":{"start":{"line":5,"column":4},"end":{"line":12,"column":5}},"3":{"start":{"line":6,"column":26},"end":{"line":6,"column":46}},"4":{"start":{"line":8,"column":6},"end":{"line":8,"column":25}},"5":{"start":{"line":11,"column":6},"end":{"line":11,"column":78}},"6":{"start":{"line":16,"column":4},"end":{"line":23,"column":5}},"7":{"start":{"line":17,"column":26},"end":{"line":17,"column":72}},"8":{"start":{"line":19,"column":6},"end":{"line":19,"column":25}},"9":{"start":{"line":22,"column":6},"end":{"line":22,"column":100}},"10":{"start":{"line":27,"column":4},"end":{"line":32,"column":5}},"11":{"start":{"line":28,"column":6},"end":{"line":28,"column":49}},"12":{"start":{"line":31,"column":6},"end":{"line":31,"column":63}},"13":{"start":{"line":36,"column":4},"end":{"line":49,"column":5}},"14":{"start":{"line":37,"column":30},"end":{"line":37,"column":84}},"15":{"start":{"line":38,"column":6},"end":{"line":38,"column":56}},"16":{"start":{"line":39,"column":6},"end":{"line":39,"column":65}},"17":{"start":{"line":40,"column":6},"end":{"line":46,"column":7}},"18":{"start":{"line":41,"column":21},"end":{"line":41,"column":99}},"19":{"start":{"line":42,"column":8},"end":{"line":42,"column":35}},"20":{"start":{"line":43,"column":8},"end":{"line":43,"column":69}},"21":{"start":{"line":45,"column":8},"end":{"line":45,"column":24}},"22":{"start":{"line":48,"column":6},"end":{"line":48,"column":104}},"23":{"start":{"line":53,"column":4},"end":{"line":67,"column":5}},"24":{"start":{"line":54,"column":30},"end":{"line":54,"column":84}},"25":{"start":{"line":55,"column":6},"end":{"line":55,"column":74}},"26":{"start":{"line":57,"column":6},"end":{"line":64,"column":7}},"27":{"start":{"line":58,"column":8},"end":{"line":58,"column":69}},"28":{"start":{"line":59,"column":31},"end":{"line":59,"column":85}},"29":{"start":{"line":60,"column":8},"end":{"line":60,"column":74}},"30":{"start":{"line":61,"column":8},"end":{"line":61,"column":81}},"31":{"start":{"line":63,"column":8},"end":{"line":63,"column":25}},"32":{"start":{"line":66,"column":6},"end":{"line":66,"column":84}}},"fnMap":{"0":{"name":"(anonymous_0)","decl":{"start":{"line":4,"column":15},"end":{"line":4,"column":16}},"loc":{"start":{"line":4,"column":26},"end":{"line":13,"column":3}},"line":4},"1":{"name":"(anonymous_1)","decl":{"start":{"line":15,"column":18},"end":{"line":15,"column":19}},"loc":{"start":{"line":15,"column":43},"end":{"line":24,"column":3}},"line":15},"2":{"name":"(anonymous_2)","decl":{"start":{"line":26,"column":15},"end":{"line":26,"column":16}},"loc":{"start":{"line":26,"column":39},"end":{"line":33,"column":3}},"line":26},"3":{"name":"(anonymous_3)","decl":{"start":{"line":35,"column":16},"end":{"line":35,"column":17}},"loc":{"start":{"line":35,"column":62},"end":{"line":50,"column":3}},"line":35},"4":{"name":"(anonymous_4)","decl":{"start":{"line":52,"column":17},"end":{"line":52,"column":18}},"loc":{"start":{"line":52,"column":45},"end":{"line":68,"column":3}},"line":52}},"branchMap":{"0":{"loc":{"start":{"line":40,"column":6},"end":{"line":46,"column":7}},"type":"if","locations":[{"start":{"line":40,"column":6},"end":{"line":46,"column":7}},{"start":{"line":44,"column":13},"end":{"line":46,"column":7}}],"line":40},"1":{"loc":{"start":{"line":57,"column":6},"end":{"line":64,"column":7}},"type":"if","locations":[{"start":{"line":57,"column":6},"end":{"line":64,"column":7}},{"start":{"line":62,"column":11},"end":{"line":64,"column":7}}],"line":57},"2":{"loc":{"start":{"line":61,"column":16},"end":{"line":61,"column":80}},"type":"cond-expr","locations":[{"start":{"line":61,"column":34},"end":{"line":61,"column":49}},{"start":{"line":61,"column":51},"end":{"line":61,"column":80}}],"line":61}},"s":{"0":1,"1":1,"2":2,"3":2,"4":1,"5":1,"6":12,"7":12,"8":11,"9":1,"10":0,"11":0,"12":0,"13":3,"14":3,"15":3,"16":3,"17":3,"18":2,"19":1,"20":1,"21":1,"22":1,"23":4,"24":4,"25":4,"26":4,"27":3,"28":2,"29":2,"30":2,"31":1,"32":1},"f":{"0":2,"1":12,"2":0,"3":3,"4":4},"b":{"0":[2,1],"1":[3,1],"2":[1,1]},"_coverageSchema":"1a1c01bbd47fc00a2c39e90264f33305004495a9","hash":"f46185cf3c6e4939618dc3083d0f18c868daa17f"}
,"C:\\Users\\gatic\\Documents\\Bootcamp\\Proyecto5\\controller\\users.js": {"path":"C:\\Users\\gatic\\Documents\\Bootcamp\\Proyecto5\\controller\\users.js","statementMap":{"0":{"start":{"line":1,"column":13},"end":{"line":1,"column":39}},"1":{"start":{"line":6,"column":0},"end":{"line":136,"column":2}},"2":{"start":{"line":8,"column":4},"end":{"line":15,"column":5}},"3":{"start":{"line":9,"column":23},"end":{"line":9,"column":40}},"4":{"start":{"line":11,"column":6},"end":{"line":11,"column":22}},"5":{"start":{"line":13,"column":6},"end":{"line":13,"column":68}},"6":{"start":{"line":14,"column":6},"end":{"line":14,"column":18}},"7":{"start":{"line":20,"column":4},"end":{"line":36,"column":5}},"8":{"start":{"line":21,"column":23},"end":{"line":21,"column":40}},"9":{"start":{"line":23,"column":27},"end":{"line":23,"column":29}},"10":{"start":{"line":25,"column":6},"end":{"line":31,"column":8}},"11":{"start":{"line":26,"column":8},"end":{"line":30,"column":10}},"12":{"start":{"line":32,"column":6},"end":{"line":32,"column":26}},"13":{"start":{"line":34,"column":6},"end":{"line":34,"column":64}},"14":{"start":{"line":35,"column":6},"end":{"line":35,"column":60}},"15":{"start":{"line":41,"column":4},"end":{"line":55,"column":5}},"16":{"start":{"line":42,"column":23},"end":{"line":42,"column":63}},"17":{"start":{"line":43,"column":6},"end":{"line":43,"column":83}},"18":{"start":{"line":44,"column":6},"end":{"line":50,"column":7}},"19":{"start":{"line":45,"column":8},"end":{"line":49,"column":10}},"20":{"start":{"line":51,"column":6},"end":{"line":51,"column":22}},"21":{"start":{"line":53,"column":6},"end":{"line":53,"column":61}},"22":{"start":{"line":54,"column":6},"end":{"line":54,"column":72}},"23":{"start":{"line":59,"column":4},"end":{"line":73,"column":5}},"24":{"start":{"line":60,"column":26},"end":{"line":60,"column":58}},"25":{"start":{"line":61,"column":6},"end":{"line":61,"column":75}},"26":{"start":{"line":62,"column":6},"end":{"line":68,"column":5}},"27":{"start":{"line":63,"column":8},"end":{"line":67,"column":10}},"28":{"start":{"line":69,"column":6},"end":{"line":69,"column":18}},"29":{"start":{"line":71,"column":6},"end":{"line":71,"column":64}},"30":{"start":{"line":72,"column":6},"end":{"line":72,"column":69}},"31":{"start":{"line":77,"column":4},"end":{"line":83,"column":5}},"32":{"start":{"line":78,"column":21},"end":{"line":78,"column":44}},"33":{"start":{"line":79,"column":24},"end":{"line":79,"column":96}},"34":{"start":{"line":80,"column":6},"end":{"line":80,"column":23}},"35":{"start":{"line":82,"column":6},"end":{"line":82,"column":18}},"36":{"start":{"line":87,"column":4},"end":{"line":87,"column":64}},"37":{"start":{"line":88,"column":4},"end":{"line":112,"column":5}},"38":{"start":{"line":89,"column":27},"end":{"line":89,"column":161}},"39":{"start":{"line":90,"column":8},"end":{"line":108,"column":9}},"40":{"start":{"line":91,"column":33},"end":{"line":91,"column":48}},"41":{"start":{"line":92,"column":10},"end":{"line":92,"column":66}},"42":{"start":{"line":93,"column":10},"end":{"line":102,"column":12}},"43":{"start":{"line":103,"column":32},"end":{"line":103,"column":80}},"44":{"start":{"line":104,"column":10},"end":{"line":104,"column":68}},"45":{"start":{"line":105,"column":10},"end":{"line":105,"column":31}},"46":{"start":{"line":107,"column":10},"end":{"line":107,"column":26}},"47":{"start":{"line":110,"column":6},"end":{"line":110,"column":48}},"48":{"start":{"line":111,"column":6},"end":{"line":111,"column":100}},"49":{"start":{"line":116,"column":4},"end":{"line":134,"column":5}},"50":{"start":{"line":117,"column":27},"end":{"line":117,"column":161}},"51":{"start":{"line":118,"column":6},"end":{"line":129,"column":7}},"52":{"start":{"line":119,"column":8},"end":{"line":119,"column":25}},"53":{"start":{"line":121,"column":31},"end":{"line":121,"column":46}},"54":{"start":{"line":122,"column":8},"end":{"line":122,"column":67}},"55":{"start":{"line":123,"column":8},"end":{"line":125,"column":10}},"56":{"start":{"line":126,"column":31},"end":{"line":126,"column":79}},"57":{"start":{"line":127,"column":8},"end":{"line":127,"column":68}},"58":{"start":{"line":128,"column":8},"end":{"line":128,"column":87}},"59":{"start":{"line":132,"column":6},"end":{"line":132,"column":48}},"60":{"start":{"line":133,"column":6},"end":{"line":133,"column":80}}},"fnMap":{"0":{"name":"(anonymous_0)","decl":{"start":{"line":7,"column":12},"end":{"line":7,"column":13}},"loc":{"start":{"line":7,"column":23},"end":{"line":17,"column":3}},"line":7},"1":{"name":"(anonymous_1)","decl":{"start":{"line":19,"column":16},"end":{"line":19,"column":17}},"loc":{"start":{"line":19,"column":27},"end":{"line":38,"column":3}},"line":19},"2":{"name":"(anonymous_2)","decl":{"start":{"line":25,"column":19},"end":{"line":25,"column":20}},"loc":{"start":{"line":25,"column":27},"end":{"line":31,"column":7}},"line":25},"3":{"name":"(anonymous_3)","decl":{"start":{"line":40,"column":15},"end":{"line":40,"column":16}},"loc":{"start":{"line":40,"column":37},"end":{"line":56,"column":3}},"line":40},"4":{"name":"(anonymous_4)","decl":{"start":{"line":58,"column":18},"end":{"line":58,"column":19}},"loc":{"start":{"line":58,"column":34},"end":{"line":74,"column":3}},"line":58},"5":{"name":"(anonymous_5)","decl":{"start":{"line":76,"column":12},"end":{"line":76,"column":13}},"loc":{"start":{"line":76,"column":27},"end":{"line":84,"column":3}},"line":76},"6":{"name":"(anonymous_6)","decl":{"start":{"line":86,"column":11},"end":{"line":86,"column":12}},"loc":{"start":{"line":86,"column":49},"end":{"line":113,"column":3}},"line":86},"7":{"name":"(anonymous_7)","decl":{"start":{"line":115,"column":14},"end":{"line":115,"column":15}},"loc":{"start":{"line":115,"column":39},"end":{"line":135,"column":3}},"line":115}},"branchMap":{"0":{"loc":{"start":{"line":44,"column":6},"end":{"line":50,"column":7}},"type":"if","locations":[{"start":{"line":44,"column":6},"end":{"line":50,"column":7}},{"start":{},"end":{}}],"line":44},"1":{"loc":{"start":{"line":62,"column":6},"end":{"line":68,"column":5}},"type":"if","locations":[{"start":{"line":62,"column":6},"end":{"line":68,"column":5}},{"start":{},"end":{}}],"line":62},"2":{"loc":{"start":{"line":89,"column":27},"end":{"line":89,"column":161}},"type":"cond-expr","locations":[{"start":{"line":89,"column":59},"end":{"line":89,"column":110}},{"start":{"line":89,"column":113},"end":{"line":89,"column":161}}],"line":89},"3":{"loc":{"start":{"line":90,"column":8},"end":{"line":108,"column":9}},"type":"if","locations":[{"start":{"line":90,"column":8},"end":{"line":108,"column":9}},{"start":{"line":106,"column":15},"end":{"line":108,"column":9}}],"line":90},"4":{"loc":{"start":{"line":117,"column":27},"end":{"line":117,"column":161}},"type":"cond-expr","locations":[{"start":{"line":117,"column":59},"end":{"line":117,"column":110}},{"start":{"line":117,"column":113},"end":{"line":117,"column":161}}],"line":117},"5":{"loc":{"start":{"line":118,"column":6},"end":{"line":129,"column":7}},"type":"if","locations":[{"start":{"line":118,"column":6},"end":{"line":129,"column":7}},{"start":{"line":120,"column":13},"end":{"line":129,"column":7}}],"line":118},"6":{"loc":{"start":{"line":128,"column":16},"end":{"line":128,"column":85}},"type":"cond-expr","locations":[{"start":{"line":128,"column":42},"end":{"line":128,"column":54}},{"start":{"line":128,"column":55},"end":{"line":128,"column":85}}],"line":128}},"s":{"0":1,"1":1,"2":2,"3":2,"4":1,"5":1,"6":1,"7":2,"8":2,"9":1,"10":1,"11":1,"12":1,"13":1,"14":1,"15":15,"16":15,"17":14,"18":14,"19":9,"20":5,"21":1,"22":1,"23":5,"24":5,"25":4,"26":4,"27":3,"28":1,"29":1,"30":1,"31":0,"32":0,"33":0,"34":0,"35":0,"36":4,"37":4,"38":4,"39":4,"40":3,"41":3,"42":3,"43":2,"44":2,"45":2,"46":1,"47":1,"48":1,"49":5,"50":5,"51":5,"52":1,"53":4,"54":4,"55":4,"56":3,"57":3,"58":3,"59":1,"60":1},"f":{"0":2,"1":2,"2":1,"3":15,"4":5,"5":0,"6":4,"7":5},"b":{"0":[9,5],"1":[3,1],"2":[1,3],"3":[3,1],"4":[1,4],"5":[1,4],"6":[2,1]},"_coverageSchema":"1a1c01bbd47fc00a2c39e90264f33305004495a9","hash":"253ece371aeb60ef7041dc026182513f722b2c88"}
}
