{"C:\\Users\\gatic\\Documents\\Bootcamp\\Proyecto5\\controller\\orders.js": {"path":"C:\\Users\\gatic\\Documents\\Bootcamp\\Proyecto5\\controller\\orders.js","statementMap":{"0":{"start":{"line":1,"column":14},"end":{"line":1,"column":41}},"1":{"start":{"line":3,"column":0},"end":{"line":66,"column":1}},"2":{"start":{"line":5,"column":4},"end":{"line":12,"column":5}},"3":{"start":{"line":6,"column":24},"end":{"line":6,"column":42}},"4":{"start":{"line":8,"column":6},"end":{"line":8,"column":23}},"5":{"start":{"line":11,"column":6},"end":{"line":11,"column":18}},"6":{"start":{"line":16,"column":4},"end":{"line":23,"column":5}},"7":{"start":{"line":17,"column":24},"end":{"line":17,"column":66}},"8":{"start":{"line":18,"column":6},"end":{"line":18,"column":74}},"9":{"start":{"line":19,"column":6},"end":{"line":19,"column":23}},"10":{"start":{"line":21,"column":6},"end":{"line":21,"column":59}},"11":{"start":{"line":22,"column":6},"end":{"line":22,"column":18}},"12":{"start":{"line":26,"column":4},"end":{"line":30,"column":5}},"13":{"start":{"line":27,"column":6},"end":{"line":27,"column":45}},"14":{"start":{"line":29,"column":6},"end":{"line":29,"column":18}},"15":{"start":{"line":34,"column":4},"end":{"line":47,"column":5}},"16":{"start":{"line":35,"column":28},"end":{"line":35,"column":78}},"17":{"start":{"line":36,"column":6},"end":{"line":36,"column":52}},"18":{"start":{"line":37,"column":6},"end":{"line":37,"column":61}},"19":{"start":{"line":38,"column":6},"end":{"line":44,"column":7}},"20":{"start":{"line":39,"column":21},"end":{"line":39,"column":93}},"21":{"start":{"line":40,"column":8},"end":{"line":40,"column":35}},"22":{"start":{"line":41,"column":8},"end":{"line":41,"column":65}},"23":{"start":{"line":43,"column":8},"end":{"line":43,"column":24}},"24":{"start":{"line":46,"column":6},"end":{"line":46,"column":18}},"25":{"start":{"line":50,"column":4},"end":{"line":64,"column":5}},"26":{"start":{"line":51,"column":28},"end":{"line":51,"column":78}},"27":{"start":{"line":52,"column":6},"end":{"line":52,"column":68}},"28":{"start":{"line":54,"column":6},"end":{"line":61,"column":7}},"29":{"start":{"line":55,"column":8},"end":{"line":55,"column":65}},"30":{"start":{"line":56,"column":29},"end":{"line":56,"column":79}},"31":{"start":{"line":57,"column":8},"end":{"line":57,"column":68}},"32":{"start":{"line":58,"column":8},"end":{"line":58,"column":74}},"33":{"start":{"line":60,"column":8},"end":{"line":60,"column":20}},"34":{"start":{"line":63,"column":6},"end":{"line":63,"column":18}}},"fnMap":{"0":{"name":"(anonymous_0)","decl":{"start":{"line":4,"column":13},"end":{"line":4,"column":14}},"loc":{"start":{"line":4,"column":24},"end":{"line":13,"column":3}},"line":4},"1":{"name":"(anonymous_1)","decl":{"start":{"line":15,"column":16},"end":{"line":15,"column":17}},"loc":{"start":{"line":15,"column":39},"end":{"line":24,"column":3}},"line":15},"2":{"name":"(anonymous_2)","decl":{"start":{"line":25,"column":13},"end":{"line":25,"column":14}},"loc":{"start":{"line":25,"column":35},"end":{"line":31,"column":3}},"line":25},"3":{"name":"(anonymous_3)","decl":{"start":{"line":33,"column":14},"end":{"line":33,"column":15}},"loc":{"start":{"line":33,"column":56},"end":{"line":48,"column":3}},"line":33},"4":{"name":"(anonymous_4)","decl":{"start":{"line":49,"column":15},"end":{"line":49,"column":16}},"loc":{"start":{"line":49,"column":41},"end":{"line":65,"column":3}},"line":49}},"branchMap":{"0":{"loc":{"start":{"line":38,"column":6},"end":{"line":44,"column":7}},"type":"if","locations":[{"start":{"line":38,"column":6},"end":{"line":44,"column":7}},{"start":{"line":42,"column":13},"end":{"line":44,"column":7}}],"line":38},"1":{"loc":{"start":{"line":54,"column":6},"end":{"line":61,"column":7}},"type":"if","locations":[{"start":{"line":54,"column":6},"end":{"line":61,"column":7}},{"start":{"line":59,"column":11},"end":{"line":61,"column":7}}],"line":54},"2":{"loc":{"start":{"line":58,"column":16},"end":{"line":58,"column":73}},"type":"cond-expr","locations":[{"start":{"line":58,"column":32},"end":{"line":58,"column":45}},{"start":{"line":58,"column":47},"end":{"line":58,"column":73}}],"line":58}},"s":{"0":1,"1":1,"2":2,"3":2,"4":1,"5":1,"6":2,"7":2,"8":1,"9":1,"10":1,"11":1,"12":0,"13":0,"14":0,"15":0,"16":0,"17":0,"18":0,"19":0,"20":0,"21":0,"22":0,"23":0,"24":0,"25":0,"26":0,"27":0,"28":0,"29":0,"30":0,"31":0,"32":0,"33":0,"34":0},"f":{"0":2,"1":2,"2":0,"3":0,"4":0},"b":{"0":[0,0],"1":[0,0],"2":[0,0]},"_coverageSchema":"1a1c01bbd47fc00a2c39e90264f33305004495a9","hash":"88da38f6c101fdee053f0acf38d34b83910dbc80"}
,"C:\\Users\\gatic\\Documents\\Bootcamp\\Proyecto5\\controller\\products.js": {"path":"C:\\Users\\gatic\\Documents\\Bootcamp\\Proyecto5\\controller\\products.js","statementMap":{"0":{"start":{"line":1,"column":16},"end":{"line":1,"column":45}},"1":{"start":{"line":3,"column":0},"end":{"line":69,"column":1}},"2":{"start":{"line":5,"column":4},"end":{"line":12,"column":5}},"3":{"start":{"line":6,"column":26},"end":{"line":6,"column":46}},"4":{"start":{"line":8,"column":6},"end":{"line":8,"column":25}},"5":{"start":{"line":11,"column":6},"end":{"line":11,"column":18}},"6":{"start":{"line":16,"column":4},"end":{"line":23,"column":5}},"7":{"start":{"line":17,"column":26},"end":{"line":17,"column":72}},"8":{"start":{"line":19,"column":6},"end":{"line":19,"column":25}},"9":{"start":{"line":22,"column":6},"end":{"line":22,"column":18}},"10":{"start":{"line":27,"column":4},"end":{"line":32,"column":5}},"11":{"start":{"line":28,"column":25},"end":{"line":28,"column":53}},"12":{"start":{"line":29,"column":6},"end":{"line":29,"column":36}},"13":{"start":{"line":31,"column":6},"end":{"line":31,"column":18}},"14":{"start":{"line":36,"column":4},"end":{"line":49,"column":5}},"15":{"start":{"line":37,"column":30},"end":{"line":37,"column":84}},"16":{"start":{"line":38,"column":6},"end":{"line":38,"column":56}},"17":{"start":{"line":39,"column":6},"end":{"line":39,"column":65}},"18":{"start":{"line":40,"column":6},"end":{"line":46,"column":7}},"19":{"start":{"line":41,"column":21},"end":{"line":41,"column":99}},"20":{"start":{"line":42,"column":8},"end":{"line":42,"column":35}},"21":{"start":{"line":43,"column":8},"end":{"line":43,"column":69}},"22":{"start":{"line":45,"column":8},"end":{"line":45,"column":24}},"23":{"start":{"line":48,"column":6},"end":{"line":48,"column":18}},"24":{"start":{"line":53,"column":4},"end":{"line":67,"column":5}},"25":{"start":{"line":54,"column":30},"end":{"line":54,"column":84}},"26":{"start":{"line":55,"column":6},"end":{"line":55,"column":74}},"27":{"start":{"line":57,"column":6},"end":{"line":64,"column":7}},"28":{"start":{"line":58,"column":8},"end":{"line":58,"column":69}},"29":{"start":{"line":59,"column":31},"end":{"line":59,"column":85}},"30":{"start":{"line":60,"column":8},"end":{"line":60,"column":74}},"31":{"start":{"line":61,"column":8},"end":{"line":61,"column":61}},"32":{"start":{"line":63,"column":8},"end":{"line":63,"column":20}},"33":{"start":{"line":66,"column":6},"end":{"line":66,"column":18}}},"fnMap":{"0":{"name":"(anonymous_0)","decl":{"start":{"line":4,"column":15},"end":{"line":4,"column":16}},"loc":{"start":{"line":4,"column":26},"end":{"line":13,"column":3}},"line":4},"1":{"name":"(anonymous_1)","decl":{"start":{"line":15,"column":18},"end":{"line":15,"column":19}},"loc":{"start":{"line":15,"column":43},"end":{"line":24,"column":3}},"line":15},"2":{"name":"(anonymous_2)","decl":{"start":{"line":26,"column":15},"end":{"line":26,"column":16}},"loc":{"start":{"line":26,"column":39},"end":{"line":33,"column":3}},"line":26},"3":{"name":"(anonymous_3)","decl":{"start":{"line":35,"column":16},"end":{"line":35,"column":17}},"loc":{"start":{"line":35,"column":62},"end":{"line":50,"column":3}},"line":35},"4":{"name":"(anonymous_4)","decl":{"start":{"line":52,"column":17},"end":{"line":52,"column":18}},"loc":{"start":{"line":52,"column":45},"end":{"line":68,"column":3}},"line":52}},"branchMap":{"0":{"loc":{"start":{"line":40,"column":6},"end":{"line":46,"column":7}},"type":"if","locations":[{"start":{"line":40,"column":6},"end":{"line":46,"column":7}},{"start":{"line":44,"column":13},"end":{"line":46,"column":7}}],"line":40},"1":{"loc":{"start":{"line":57,"column":6},"end":{"line":64,"column":7}},"type":"if","locations":[{"start":{"line":57,"column":6},"end":{"line":64,"column":7}},{"start":{"line":62,"column":11},"end":{"line":64,"column":7}}],"line":57},"2":{"loc":{"start":{"line":61,"column":16},"end":{"line":61,"column":60}},"type":"cond-expr","locations":[{"start":{"line":61,"column":34},"end":{"line":61,"column":49}},{"start":{"line":61,"column":51},"end":{"line":61,"column":60}}],"line":61}},"s":{"0":1,"1":1,"2":2,"3":2,"4":1,"5":1,"6":2,"7":2,"8":1,"9":1,"10":2,"11":2,"12":0,"13":2,"14":0,"15":0,"16":0,"17":0,"18":0,"19":0,"20":0,"21":0,"22":0,"23":0,"24":0,"25":0,"26":0,"27":0,"28":0,"29":0,"30":0,"31":0,"32":0,"33":0},"f":{"0":2,"1":2,"2":2,"3":0,"4":0},"b":{"0":[0,0],"1":[0,0],"2":[0,0]},"_coverageSchema":"1a1c01bbd47fc00a2c39e90264f33305004495a9","hash":"99826303b9935bcea442fe1020f01d71876f8555"}
,"C:\\Users\\gatic\\Documents\\Bootcamp\\Proyecto5\\controller\\users.js": {"path":"C:\\Users\\gatic\\Documents\\Bootcamp\\Proyecto5\\controller\\users.js","statementMap":{"0":{"start":{"line":1,"column":13},"end":{"line":1,"column":39}},"1":{"start":{"line":6,"column":0},"end":{"line":133,"column":2}},"2":{"start":{"line":8,"column":4},"end":{"line":15,"column":5}},"3":{"start":{"line":9,"column":23},"end":{"line":9,"column":40}},"4":{"start":{"line":11,"column":6},"end":{"line":11,"column":22}},"5":{"start":{"line":14,"column":6},"end":{"line":14,"column":18}},"6":{"start":{"line":20,"column":4},"end":{"line":36,"column":5}},"7":{"start":{"line":21,"column":23},"end":{"line":21,"column":40}},"8":{"start":{"line":23,"column":27},"end":{"line":23,"column":29}},"9":{"start":{"line":25,"column":6},"end":{"line":31,"column":8}},"10":{"start":{"line":26,"column":8},"end":{"line":30,"column":10}},"11":{"start":{"line":32,"column":6},"end":{"line":32,"column":26}},"12":{"start":{"line":34,"column":6},"end":{"line":34,"column":64}},"13":{"start":{"line":35,"column":6},"end":{"line":35,"column":18}},"14":{"start":{"line":41,"column":4},"end":{"line":55,"column":5}},"15":{"start":{"line":42,"column":23},"end":{"line":42,"column":63}},"16":{"start":{"line":43,"column":6},"end":{"line":43,"column":83}},"17":{"start":{"line":44,"column":6},"end":{"line":50,"column":7}},"18":{"start":{"line":45,"column":8},"end":{"line":49,"column":10}},"19":{"start":{"line":51,"column":6},"end":{"line":51,"column":22}},"20":{"start":{"line":53,"column":6},"end":{"line":53,"column":61}},"21":{"start":{"line":54,"column":6},"end":{"line":54,"column":18}},"22":{"start":{"line":59,"column":4},"end":{"line":73,"column":5}},"23":{"start":{"line":60,"column":26},"end":{"line":60,"column":58}},"24":{"start":{"line":61,"column":6},"end":{"line":61,"column":75}},"25":{"start":{"line":62,"column":6},"end":{"line":68,"column":5}},"26":{"start":{"line":63,"column":8},"end":{"line":67,"column":10}},"27":{"start":{"line":69,"column":6},"end":{"line":69,"column":25}},"28":{"start":{"line":71,"column":6},"end":{"line":71,"column":64}},"29":{"start":{"line":72,"column":6},"end":{"line":72,"column":18}},"30":{"start":{"line":77,"column":4},"end":{"line":84,"column":5}},"31":{"start":{"line":78,"column":22},"end":{"line":78,"column":36}},"32":{"start":{"line":79,"column":6},"end":{"line":79,"column":27}},"33":{"start":{"line":80,"column":24},"end":{"line":80,"column":96}},"34":{"start":{"line":81,"column":6},"end":{"line":81,"column":23}},"35":{"start":{"line":83,"column":6},"end":{"line":83,"column":18}},"36":{"start":{"line":88,"column":4},"end":{"line":88,"column":64}},"37":{"start":{"line":89,"column":4},"end":{"line":109,"column":5}},"38":{"start":{"line":90,"column":27},"end":{"line":90,"column":161}},"39":{"start":{"line":91,"column":29},"end":{"line":91,"column":44}},"40":{"start":{"line":92,"column":6},"end":{"line":92,"column":62}},"41":{"start":{"line":93,"column":6},"end":{"line":102,"column":8}},"42":{"start":{"line":103,"column":28},"end":{"line":103,"column":76}},"43":{"start":{"line":104,"column":6},"end":{"line":104,"column":64}},"44":{"start":{"line":105,"column":6},"end":{"line":105,"column":27}},"45":{"start":{"line":107,"column":6},"end":{"line":107,"column":48}},"46":{"start":{"line":108,"column":6},"end":{"line":108,"column":18}},"47":{"start":{"line":113,"column":4},"end":{"line":131,"column":5}},"48":{"start":{"line":114,"column":27},"end":{"line":114,"column":161}},"49":{"start":{"line":115,"column":6},"end":{"line":126,"column":7}},"50":{"start":{"line":116,"column":8},"end":{"line":116,"column":20}},"51":{"start":{"line":118,"column":31},"end":{"line":118,"column":46}},"52":{"start":{"line":119,"column":8},"end":{"line":119,"column":67}},"53":{"start":{"line":120,"column":8},"end":{"line":122,"column":10}},"54":{"start":{"line":123,"column":31},"end":{"line":123,"column":79}},"55":{"start":{"line":124,"column":8},"end":{"line":124,"column":68}},"56":{"start":{"line":125,"column":8},"end":{"line":125,"column":87}},"57":{"start":{"line":129,"column":6},"end":{"line":129,"column":48}},"58":{"start":{"line":130,"column":6},"end":{"line":130,"column":18}}},"fnMap":{"0":{"name":"(anonymous_0)","decl":{"start":{"line":7,"column":12},"end":{"line":7,"column":13}},"loc":{"start":{"line":7,"column":23},"end":{"line":17,"column":3}},"line":7},"1":{"name":"(anonymous_1)","decl":{"start":{"line":19,"column":16},"end":{"line":19,"column":17}},"loc":{"start":{"line":19,"column":27},"end":{"line":38,"column":3}},"line":19},"2":{"name":"(anonymous_2)","decl":{"start":{"line":25,"column":19},"end":{"line":25,"column":20}},"loc":{"start":{"line":25,"column":27},"end":{"line":31,"column":7}},"line":25},"3":{"name":"(anonymous_3)","decl":{"start":{"line":40,"column":15},"end":{"line":40,"column":16}},"loc":{"start":{"line":40,"column":37},"end":{"line":56,"column":3}},"line":40},"4":{"name":"(anonymous_4)","decl":{"start":{"line":58,"column":18},"end":{"line":58,"column":19}},"loc":{"start":{"line":58,"column":34},"end":{"line":74,"column":3}},"line":58},"5":{"name":"(anonymous_5)","decl":{"start":{"line":76,"column":12},"end":{"line":76,"column":13}},"loc":{"start":{"line":76,"column":27},"end":{"line":85,"column":3}},"line":76},"6":{"name":"(anonymous_6)","decl":{"start":{"line":87,"column":11},"end":{"line":87,"column":12}},"loc":{"start":{"line":87,"column":49},"end":{"line":110,"column":3}},"line":87},"7":{"name":"(anonymous_7)","decl":{"start":{"line":112,"column":14},"end":{"line":112,"column":15}},"loc":{"start":{"line":112,"column":39},"end":{"line":132,"column":3}},"line":112}},"branchMap":{"0":{"loc":{"start":{"line":44,"column":6},"end":{"line":50,"column":7}},"type":"if","locations":[{"start":{"line":44,"column":6},"end":{"line":50,"column":7}},{"start":{},"end":{}}],"line":44},"1":{"loc":{"start":{"line":62,"column":6},"end":{"line":68,"column":5}},"type":"if","locations":[{"start":{"line":62,"column":6},"end":{"line":68,"column":5}},{"start":{},"end":{}}],"line":62},"2":{"loc":{"start":{"line":90,"column":27},"end":{"line":90,"column":161}},"type":"cond-expr","locations":[{"start":{"line":90,"column":59},"end":{"line":90,"column":110}},{"start":{"line":90,"column":113},"end":{"line":90,"column":161}}],"line":90},"3":{"loc":{"start":{"line":114,"column":27},"end":{"line":114,"column":161}},"type":"cond-expr","locations":[{"start":{"line":114,"column":59},"end":{"line":114,"column":110}},{"start":{"line":114,"column":113},"end":{"line":114,"column":161}}],"line":114},"4":{"loc":{"start":{"line":115,"column":6},"end":{"line":126,"column":7}},"type":"if","locations":[{"start":{"line":115,"column":6},"end":{"line":126,"column":7}},{"start":{"line":117,"column":13},"end":{"line":126,"column":7}}],"line":115},"5":{"loc":{"start":{"line":125,"column":16},"end":{"line":125,"column":85}},"type":"cond-expr","locations":[{"start":{"line":125,"column":42},"end":{"line":125,"column":54}},{"start":{"line":125,"column":55},"end":{"line":125,"column":85}}],"line":125}},"s":{"0":1,"1":1,"2":2,"3":2,"4":1,"5":1,"6":0,"7":0,"8":0,"9":0,"10":0,"11":0,"12":0,"13":0,"14":0,"15":0,"16":0,"17":0,"18":0,"19":0,"20":0,"21":0,"22":0,"23":0,"24":0,"25":0,"26":0,"27":0,"28":0,"29":0,"30":0,"31":0,"32":0,"33":0,"34":0,"35":0,"36":0,"37":0,"38":0,"39":0,"40":0,"41":0,"42":0,"43":0,"44":0,"45":0,"46":0,"47":0,"48":0,"49":0,"50":0,"51":0,"52":0,"53":0,"54":0,"55":0,"56":0,"57":0,"58":0},"f":{"0":2,"1":0,"2":0,"3":0,"4":0,"5":0,"6":0,"7":0},"b":{"0":[0,0],"1":[0,0],"2":[0,0],"3":[0,0],"4":[0,0],"5":[0,0]},"_coverageSchema":"1a1c01bbd47fc00a2c39e90264f33305004495a9","hash":"2a53ea19c5674446cca65f87ec5bfd12e44a3c71"}
}
