TN:
SF:controller\orders.js
FN:4,(anonymous_0)
FN:15,(anonymous_1)
FN:25,(anonymous_2)
FN:33,(anonymous_3)
FN:49,(anonymous_4)
FNF:5
FNH:4
FNDA:2,(anonymous_0)
FNDA:12,(anonymous_1)
FNDA:0,(anonymous_2)
FNDA:3,(anonymous_3)
FNDA:4,(anonymous_4)
DA:1,1
DA:3,1
DA:5,2
DA:6,2
DA:8,1
DA:11,1
DA:16,12
DA:17,12
DA:19,11
DA:22,1
DA:26,0
DA:27,0
DA:29,0
DA:34,3
DA:35,3
DA:38,3
DA:39,2
DA:41,1
DA:43,1
DA:46,1
DA:50,4
DA:51,4
DA:54,4
DA:55,3
DA:56,2
DA:58,2
DA:60,1
DA:63,1
LF:28
LH:25
BRDA:38,0,0,2
BRDA:38,0,1,1
BRDA:54,1,0,3
BRDA:54,1,1,1
BRDA:58,2,0,1
BRDA:58,2,1,1
BRF:6
BRH:6
end_of_record
TN:
SF:controller\products.js
FN:4,(anonymous_0)
FN:15,(anonymous_1)
FN:26,(anonymous_2)
FN:35,(anonymous_3)
FN:52,(anonymous_4)
FNF:5
FNH:4
FNDA:2,(anonymous_0)
FNDA:12,(anonymous_1)
FNDA:0,(anonymous_2)
FNDA:3,(anonymous_3)
FNDA:4,(anonymous_4)
DA:1,1
DA:3,1
DA:5,2
DA:6,2
DA:8,1
DA:11,1
DA:16,12
DA:17,12
DA:19,11
DA:22,1
DA:27,0
DA:28,0
DA:31,0
DA:36,3
DA:37,3
DA:40,3
DA:41,2
DA:43,1
DA:45,1
DA:48,1
DA:53,4
DA:54,4
DA:57,4
DA:58,3
DA:59,2
DA:60,2
DA:61,2
DA:63,1
DA:66,1
LF:29
LH:26
BRDA:40,0,0,2
BRDA:40,0,1,1
BRDA:57,1,0,3
BRDA:57,1,1,1
BRDA:61,2,0,1
BRDA:61,2,1,1
BRF:6
BRH:6
end_of_record
TN:
SF:controller\users.js
FN:7,(anonymous_0)
FN:19,(anonymous_1)
FN:25,(anonymous_2)
FN:40,(anonymous_3)
FN:58,(anonymous_4)
FN:76,(anonymous_5)
FN:86,(anonymous_6)
FN:115,(anonymous_7)
FNF:8
FNH:7
FNDA:2,(anonymous_0)
FNDA:2,(anonymous_1)
FNDA:1,(anonymous_2)
FNDA:15,(anonymous_3)
FNDA:5,(anonymous_4)
FNDA:0,(anonymous_5)
FNDA:4,(anonymous_6)
FNDA:5,(anonymous_7)
DA:1,1
DA:6,1
DA:8,2
DA:9,2
DA:11,1
DA:13,1
DA:14,1
DA:20,2
DA:21,2
DA:23,1
DA:25,1
DA:26,1
DA:32,1
DA:34,1
DA:35,1
DA:41,15
DA:42,15
DA:43,14
DA:44,14
DA:45,9
DA:51,5
DA:53,1
DA:54,1
DA:59,5
DA:60,5
DA:61,4
DA:62,4
DA:63,3
DA:69,1
DA:71,1
DA:72,1
DA:77,0
DA:78,0
DA:79,0
DA:80,0
DA:82,0
DA:87,4
DA:88,4
DA:89,4
DA:90,4
DA:91,3
DA:92,3
DA:93,3
DA:103,2
DA:104,2
DA:105,2
DA:107,1
DA:110,1
DA:111,1
DA:116,5
DA:117,5
DA:118,5
DA:119,1
DA:121,4
DA:122,4
DA:123,4
DA:126,3
DA:127,3
DA:128,3
DA:132,1
DA:133,1
LF:61
LH:56
BRDA:44,0,0,9
BRDA:44,0,1,5
BRDA:62,1,0,3
BRDA:62,1,1,1
BRDA:89,2,0,1
BRDA:89,2,1,3
BRDA:90,3,0,3
BRDA:90,3,1,1
BRDA:117,4,0,1
BRDA:117,4,1,4
BRDA:118,5,0,1
BRDA:118,5,1,4
BRDA:128,6,0,2
BRDA:128,6,1,1
BRF:14
BRH:14
end_of_record
